[    0.000000] Linux version 4.15.0-47-generic (buildd@lgw01-amd64-001) (gcc version 7.3.0 (Ubuntu 7.3.0-16ubuntu3)) #50-Ubuntu SMP Wed Mar 13 10:44:52 UTC 2019 (Ubuntu 4.15.0-47.50-generic 4.15.18)
[    0.000000] Command line: BOOT_IMAGE=/boot/vmlinuz-4.15.0-47-generic root=LABEL=cloudimg-rootfs ro console=tty1 console=ttyS0
[    0.000000] KERNEL supported cpus:
[    0.000000]   Intel GenuineInte
    0.000]   AMD AutntcAMD
[   .00000]   Centaur CentaurHauls
[    0.000000] x86/fpu: SupportingXSVEfeature 0x00: 'x87 floating point registers'
[    0.000000] x86/fpu: Supporting XSAVE feature 0x002: 'SSE registers'
[    0.000000] x86/fpu: Supporting XSAVE feature 0x004: 'AVX registers'
[    0.000000] x86/fpu: xstate_offset[2]:  576, xstate_sizes[2]:  256
[    0.000000] x86/fpu: Enabled xstate features 0x7, context size is 832 bytes, using 'standard' format.
[    0.000000] e820: BIOS-provided physical RAM map:
[    0.000000] BIOS-e820: [mem 0x0000000000000000-0x000000000009fbff] usable
[    0.000000] BIOS-e820: [mem 0x000000000009fc00-0x000000000009ffff] reserved
[    0.000000] BIOS-e820: [mem 0x00000000000f0000-0x00000000000fffff] reserved
[    0.000000] BIOS-e820: [mem 0x000000000100000-0x000000003ffeffff] usable
[    0.000000] BIOS-e820: [mem 0x000000003fff0000-0x000000003fffffff] ACPI data
[    0.000000] BIOS-e820: [mem 0x00000000fec00000-0x00000000fec00fff] reserved
[    0.000000] BIOS-e820: [mem 0x00000000fee000-0x00000000fee00fff] reserved
[    0.000000] BIOS-e820: [mem 0x00000000fffc0000-0x000000fffffff] reservd
[    0.000] NX (Execute Disable) protection: active
[    0.000000] SMBIOS 2.5 present.
[    0.000000] DMI: innotek GmbH VirtualBox/VirtualBox, BIOS VirtualBox 12/01/2006
[    0.000000] Hypervisor deteced KM
[    000000] e820: last_pfn = 0x3fff0 max_arch_pfn  00x400000
[   .00000] MTR: Disabled
[    0.000000] x86/PAT: MTRRs disabled, skipping PAT initialization too.
[    0.000000] CPU MTRRs all blank - virtualized system.
[    0.00000 x6/PAT: Configuration0-]: WB  WT  UC- UC  B WT  UC UC  
[    0.000000] found SMP MP-table at [mem 0x0009fff0-0x0009ffff] mapped at [        (ptrval)]
[    0.000000] Scanning 1 areas for low memory corruption
[   .000000] RMDSK [mem 35cb000-0x6ccff]
[    0.0000] CPI: Early table checksum verification disabled
[    0.000000] ACPI: RSDP 0x00000000000E0000 000024 (v02 VBOX  )
[    0.000000] ACPI: XSDT 0x000000003FFF0030 00003C (v01 VBOX   VBOXXSDT 00000001 ASL  00000061)
[    0.000000] ACPI: FACP 0x000000003FFF00F0 0000F4 (v04 VBOX   VBOXFACP 00000001 ASL  00000061)
[    0.000000] ACPI: DSDT 0x000000003FFF0470 0021FF (v02 VBOX   VBOXBIOS 00000002 INTL 20100528)
[    0.000000] ACPI: FACS 0x000000003FFF0200 000040
[    0.000000] ACPI: FACS 0x000000003FFF0200 000040
[    0.000000] ACPI: APIC 0x000000003FFF0240 00005C (v02 VBOX   VBOXAPIC 00000001 ASL  00000061)
[    0.000000] ACPI:SDT 0x000000003FFF02A0 0001CC (v01 VBOX   VBOXCPUT 00000002 INTL 20100528)
[    0.000000] No NUMA configuration found
[    0.000000] Faking a node at [mem 0x0000000000000000-0x000000003ffeffff]
[    0.000000] NODE_DATA(0) allocated [mem 0x3ffc5000-0x3ffeffff]
[    0.000000] kvm-clock: cpu 0, msr 0:3ff44001, primary cpu clock
[    0.000000] kvm-clock: Using msrs 4b564d01 and 4b564d00
[    0.000000] kvm-clock: using sched offset of 4071449809 cycles
[    0.000000] clocksource: kvm-clock: mask: 0xffffffffffffffff max_cycles: 0x1cd42e4dffb, max_idle_ns: 881590591483 ns
[    0.000000] Zone ranges:
[    0.000000]   DMA      [mem 0x000000000001000-0x0000000000ffffff]
[    0.000000]   DMA32    [mem 0x0000000001000000-0x000000003ffeffff]
[    0.000000]   Normal   empty
[    0.000000]   Device   empty
[    0.000000] Movable zone start for each node
[    0.000000] Early memory node ranges
[    0.000000]   node   0: [mem 0x0000000000001000-0x000000000009efff]
[    0.0000]   node   0: [mem 0x00000001000000-0x000003ffeffff]
[   .0000]Reserved t unavlable: 114 pages
[    0.000000] Initmem setup node 0 [mem 0x0000000000001000-0x000000003ffeffff]
[    0.000000] ACPI: PM-Timer O rt: 0x00
[    0.000000] IOAPIC[0]: apic_id 2, version 32, address 0xfec00000, GSI 0-23
[    0.0000] CPI: I_SC_OVR (bus 0 bus_irq 0 global_irq 2 dfl dfl)
[    0.000000] ACPI: INT_SRC_OVR (bus 0 bus_irq 9 global_irq 9 low level)
[    0.000000] Using ACPI (MADT) for SMP configuration information
[    0.000000] smpboot: Allowing 2 CPUs, 0 hotplug CPUs
[    0.0000] PM: Regierd nosave memory: [mem 0x00000000-0x00000fff]
[    0.000000] PM: Registered nosave memory: [mem 0x0009f000-0x0009ffff]
[    0.000000] PM: Registered nosave memory: [mem 0x000a0000-0x000effff]
[    0.000000] PM: Registered nosave memory: [mem 0x000f0000-0x000fffff]
[    0.000000] e820: [mem 0x40000000-0xfebfffff] available for PCI devices
[    0.000000] Booting paravirtualized kernel on KVM
[    0.000000] clocksource: refined-jiffies: mask: 0xffffffff max_cycles: 0xffffffff, max_idle_ns:645519600211568 ns
[    0.000000] rand: gget_rdo_bytesaled from start_kernel+0x99/0x4fd with crng_init=0
[    0.000000] setup_percpu: NR_CPUS:8192 nr_cpumask_bits:2 nr_cpu_ids:2 nr_node_ids:1
[    0.000000] percpu: Embedded 46 pages/cpu @        (ptrval) s151552 r8192 d28672 u1048576
[    0.000000] PV qspinlock hash table enties:256 (ordr:0, 4096 bytes)
[    0.000000] Built 1 zonelists, mobility grouping on.  Total pages: 257913
[    0.000000] Policy zone: DMA32
[    0.000000] Kernel command line: BOOT_IMAGE=/boot/vmlinuz-4.15.0-47-generic root=LABEL=cloudimg-rootfs ro console=tty1 console=ttyS0
[    0.000000] Memory: 983056K/1048120K available (12300K kernel code, 2473K rwdata, 4252K rodata, 2408K init, 2416K bss, 65064K reserved, 0K cma-reserved)
[    0.000000] SLUB: HWalign=64, Order=0-3, MinObjects=0, CPUs=2, Nodes=1
    0.000000] Kernel/User page tables isolation: enabled
[    0.000000] ftrace: allocating 39206 entries in 154 pages
[    0.004000] Hierarchical RCU implementation.
[    0.004000] 	RCU restricting CPUs from NR_CPUS=8192 o r_pu_ids=2
   0.004000] 	Tasks RCU enabled.
[    0.004000] RCU: Adjusting geometry for rcu_fanout_leaf=16, nr_cpu_ids=2
[    0.004000] NR_IRQS: 524544, nr_irqs: 440, preallocated irqs: 16
[    0.004000] Console: colour VGA+ 80x25
[    0.004000] console [tty1] enabled
[    0.004000] console [ttyS0] enabled
[    0.004000] ACPI: Core revision 201783
[    0.004000] ACPI: 2 ACPI AML tables successfully acquired an ladd
[   .004000] APIC: Switch to symmetric I/O mode setup
[    0.004213] x2apic enabled
[    0.005148] Switched APIC routing to physical x2apic.
[    0.008402] ..TIMER: vector=0x30 apic1=0 pin1=2 apic2=-1 pin2=-1
[    0.012002] tsc: Detected 2495.998 MHz processor
[    0.016009] Calibrating delay loop (skipped) preset value.. 4991.99 BogoMIPS (lpj=9983992)
[    0.020002] pid_max: default: 32768 minimum: 301
[    0.024033] Security Framework initialized
[    0.025155] Yama: becoming mindful.
[    0.028022] AppArmor: AppArmor initialized
[    0.030577] Dentry cache hash table entries: 131072 (order: 8, 1048576 bytes)
[    0.032084] Inode-cache hash table entries: 65536 (order: 7, 524288 bytes)
[    0.036018] Mount-cache hash table entries: 2048 (order: 2, 16384 bytes)
[    0.037789] Mountpoint-cache hash table entries: 2048 (order: 2, 16384 bytes)
[    0.040224] mce: CPU supports 0 MCE banks
[    0.044018] Last level iTLB entries: 4KB 64, 2MB 8, 4MB 8
[    0.048002] Last level dTLB entries: 4KB 64, 2MB 0, 4MB 0, 1GB 4
[    0.052003] Spectre V2 : Mitigation: Full generic retpoline
[    0.056002] Spectre V2 : Spectre v2 / SpectreRSB mitigation: Filling RSB on context switch
[    0.058185] Speculative Store Bypass: Vulnerable
[    0.060077] Freeing SMP alternatives memory: 36K
[    0.068000] smpboot: CPU0: Intel(R) Core(TM) i7-7660U CPU @ 2.50GHz (family: 0x6, model: 0x8e, stepping: 0x9)
[    0.068092] Performance Events: unsupported p6 CPU model 142 no PMU driver, software events only.
[    0.072034] Hierarchical SRCU implementation.
[    0.076485] NMI watchdog: Perf event create on CPU 0 failed with -2
[    0.080005] NMI watchdog: Perf NMI watchdog permanently disabled
[    0.081660] smp: Bringing up secondary CPUs ...
[    0.084069] x86: Booting SMP configuration:
[    0.088002] .... node  #0, CPUs:      #1
[    0.004000] kvm-clock: cpu 1, msr 0:3ff44041, secondary cpu clock
[    0.004000] mce: CPU supports 0 MCE banks
[    0.096039] smp: Brought up 1 node, 2 CPUs
[    0.100004] smpboot: Max logical packages: 1
[    0.101166] smpboot: Total of 2 processors activated (9983.99 BogoMIPS)
[    0.104112] devtmpfs: initialized
[    0.108048] x86/mm: Memory block size: 128MB
[    0.112114] evm: security.selinux
[    0.113040] evm: security.SMACK64
[    0.116003] evm: security.SMACK64EXEC
[    0.120002] evm: security.SMACK64TRANSMUTE
[    0.124002] evm: security.SMACK64MMAP
[    0.128002] evm: security.apparmor
[    0.128950] evm: security.ima
[    0.132002] evm: security.capability
[    0.133037] clocksource: jiffies: mask: 0xffffffff max_cycles: 0xffffffff, max_idle_ns: 7645041785100000 ns
[    0.136013] futex hash table entries: 512 (order: 3, 32768 bytes)
[    0.140078] pinctrl core: initialized pinctrl subsystem
[    0.145460] RTC time: 10:07:20, date: 05/13/19
[    0.148190] NET: Registered protocol family 16
[    0.152082] audit: initializing netlink subsys (disabled)
[    0.156043] audit: type=2000 audit(1557742042.699:1): state=initialized audit_enabled=0 res=1
[    0.256022] cpuidle: using governor ladder
[    0.260008] cpuidle: using governor menu
[    0.264058] ACPI: bus type PCI registered
[    0.265215] acpiphp: ACPI Hot Plug PCI Controller Driver version: 0.5
[    0.268140] PCI: Using configuration type 1 for base access
[    0.272059] HugeTLB registered 2.00 MiB page size, pre-allocated 0 pages
[    0.274796] ACPI: Added _OSI(Module Device)
[    0.276005] ACPI: Added _OSI(Processor Device)
[    0.277333] ACPI: Added _OSI(3.0 _SCP Extensions)
[    0.278656] ACPI: Added _OSI(Processor Aggregator Device)
[    0.280013] ACPI: Added _OSI(Linux-Dell-Video)
[    0.281361] ACPI: Added _OSI(Linux-Lenovo-NV-HDMI-Audio)
[    0.282850] ACPI: Added _OSI(Linux-HPI-Hybrid-Graphics)
[    0.284454] ACPI: Executed 1 blocks of module-level executable AML code
[    0.292837] ACPI: Interpreter enabled
[    0.296027] ACPI: (supports S0 S5)
[    0.297590] ACPI: Using IOAPIC for interrupt routing
[    0.300418] PCI: Using host bridge windows from ACPI; if necessary, use "pci=nocrs" and report a bug
[    0.304477] ACPI: Enabled 2 GPEs in block 00 to 07
[    0.321384] ACPI: PCI Root Bridge [PCI0] (domain 0000 [bus 00-ff])
[    0.324013] acpi PNP0A03:00: _OSC: OS supports [ASPM ClockPM Segments MSI]
[    0.327151] acpi PNP0A03:00: _OSC: not requesting OS control; OS requires [ExtendedConfig ASPM ClockPM MSI]
[    0.328027] acpi PNP0A03:00: fail to add MMCONFIG information, can't access extended PCI configuration space under this bridge.
[    0.336773] PCI host bridge to bus 0000:00
[    0.338566] pci_bus 0000:00: root bus resource [io  0x0000-0x0cf7 window]
[    0.340013] pci_bus 0000:00: root bus resource [io  0x0d00-0xffff window]
[    0.341889] pci_bus 0000:00: root bus resource [mem 0x000a0000-0x000bffff window]
[    0.344009] pci_bus 0000:00: root bus resource [mem 0x40000000-0xfdffffff window]
[    0.346018] pci_bus 0000:00: root bus resource [bus 00-ff]
[    0.352275] pci 0000:00:01.1: legacy IDE quirk: reg 0x10: [io  0x01f0-0x01f7]
[    0.356008] pci 0000:00:01.1: legacy IDE quirk: reg 0x14: [io  0x03f6]
[    0.357675] pci 0000:00:01.1: legacy IDE quirk: reg 0x18: [io  0x0170-0x0177]
[    0.359386] pci 0000:00:01.1: legacy IDE quirk: reg 0x1c: [io  0x0376]
[    0.378196] pci 0000:00:07.0: quirk: [io  0x4000-0x403f] claimed by PIIX4 ACPI
[    0.384003] pci 0000:00:07.0: quirk: [io  0x4100-0x410f] claimed by PIIX4 SMB
[    0.399441] ACPI: PCI Interrupt Link [LNKA] (IRQs 5 9 10 *11)
[    0.400282] ACPI: PCI Interrupt Link [LNKB] (IRQs 5 9 *10 11)
[    0.402067] ACPI: PCI Interrupt Link [LNKC] (IRQs 5 *9 10 11)
[    0.404132] ACPI: PCI Interrupt Link [LNKD] (IRQs 5 9 10 *11)
[    0.408358] SCSI subsystem initialized
[    0.412068] pci 0000:00:02.0: vgaarb: setting as boot VGA device
[    0.416000] pci 0000:00:02.0: vgaarb: VGA device added: decodes=io+mem,owns=io+mem,locks=none
[    0.416007] pci 0000:00:02.0: vgaarb: bridge control possible
[    0.420002] vgaarb: loaded
[    0.424064] ACPI: bus type USB registered
[    0.428045] usbcore: registered new interface driver usbfs
[    0.432037] usbcore: registered new interface driver hub
[    0.436036] usbcore: registered new device driver usb
[    0.440068] EDAC MC: Ver: 3.0.0
[    0.444330] PCI: Using ACPI for IRQ routing
[    0.445386] NetLabel: Initializing
[    0.448003] NetLabel:  domain hash size = 128
[    0.449178] NetLabel:  protocols = UNLABELED CIPSOv4 CALIPSO
[    0.452019] NetLabel:  unlabeled traffic allowed by default
[    0.456081] clocksource: Switched to clocksource kvm-clock
[    0.47315 VS:Dik ot duo_66.0
[    0.719066] VFS: Dquot-cache hash table entries: 512 (order 0, 4096 bytes)
[    0.721011] AppArmor: AppArmor Filesystem Enabled
[    .72313pn: nP ACPI init
[    0.845593] pnp: Pn API fund 3 devices

[  09349] loksource: acpi_pm: mask: 0xffffff max_cycles: 0xffffff, max_idle_ns: 2085701024 ns
[    1086414] NET: Registered protocol family 2

[    1.112333] TCP established hash table entries: 8192 (order: 4, 65536 bytes)
[    1.120650] TCP bind hash table entries: 8192 (order: 5, 131072 byte)
[    1.153844] TCP: Hash ables configured (established 8192 bnd8192)
[    1.223692] UDP hash table entries: 512 (order: 2, 16384 byte)
[  12565] DPLie as table entries: 512 (order: 2, 16384 bytes)
[    1.459621] NET: Registered protocol family 1
[    1.460846] pci 0000:00:00.0: Limiting direct PCI/PCI transfers
[    1.462449] pci 0000:00:01.0: Activating ISA DMA hang workarounds
[    1.464190] pci 0000:00:02.0: Video device with shadowed ROM at [mem 0x000c0000-0x000dffff]
[    1.466522] Unpacking initramfs...

[    1.697156] Freeing initrd memory: 19528K
[    1.730458] platform rtc_cmos: registered platform RTC device (no PNP device found)
[    1.738594] Scanning for low memory corruption every 60 seconds
[    1.747727] Initialise system trusted keyrings
[    1.770303] Key type blacklist registered
[    1.790958] workingset: timestamp_bits=36 max_order=18 bucket_order=0
[    1.805058] zbud: loaded
[    1.831988] squashfs: version 4.0 (2009/01/31) Phillip Lougher
[    1.843726] fuse init (API version 7.26)
[    1.851469] Key type asymmetric registered
[    1.852516] Asymmetric key parser 'x509' registered
[    1.853701] Block layer SCSI generic (bsg) driver version 0.4 loaded (major 246)
[    1.855489] io scheduler noop registered
[    1.898150] io scheduler deadline registered
[    1.946076] io scheduler cfq registered (default)
[    1.988194] ACPI: AC Adapter [AC] (off-line)
[    1.994811] input: Power Button as /devices/LNXSYSTM:00/LNXPWRBN:00/input/input0
[    2.006862] ACPI: Power Button [PWRF]
[    2.017060] input: Sleep Button as /devices/LNXSYSTM:00/LNXSLPBN:00/input/input1
[    2.066092] ACPI: Sleep Button [SLPF]
[    2.068862] ACPI: Battery Slot [BAT0] (battery present)
[    2.077031] Serial: 8250/16550 driver, 32 ports, IRQ sharing enabled
[    2.112593] 00:02: ttyS0 at I/O 0x3f8 (irq = 4, base_baud = 115200) is a 16550A
[    2.115205] Linux agpgart interface v0.103
[    2.119291] loop: oodule loaded
[    2.187688] scsi host0: ata_piix
[    2.189062] scsi host1: ata_piix
[    2.189876] ata1: PATA max UDMA/33 cmd 0x1f0 ctl 0x3f6 bmdma 0xd000 irq 14
[    2.191373] ata2: PATA max UDMA/33 cmd 0x170 ctl 0x376 bmdma 0xd008 irq 15
[    2.199606] libphy: Fixed MDIO Bus: probed
[    2.200844] tun: Universal TUN/TAP device driver, 1.6
[    2.201998] PPP generic driver version 2.4.2
[    2.203047] ehci_hcd: USB 2.0 'Enhanced' Host Controller (EHCI) Driver
[    2.204900] ehci-pci: EHCI PCI platform driver
[    2.206226] ehci-platform: EHCI generic platform driver
[    2.207725] ohci_hcd: USB 1.1 'Open' Host Controller (OHCI) Driver
[    2.209578] ohci-pci: OHCI PCI platform driver
[    2.211251] ohci-platform: OHCI generic platform driver
[    2.219619] uhci_hcd: USB Universal Host Controller Interface driver
[    2.222463] i8042: PNP: PS/2 Controller [PNP0303:PS2K,PNP0f03:PS2M] at 0x60,0x64 irq 1,12
[    2.226592] serio: i8042 KBD port at 0x60,0x64 irq 1
[    2.228938] serio: i8042 AUX port at 0x60,0x64 irq 12
[    2.231196] mousedev: PS/2 mouse device common for all mice
[    2.234015] input: AT Translated Set 2 keyboard as /devices/platform/i8042/serio0/input/input2
[    2.238457] rtc_cmos rtc_cmos: rtc core: registered rtc_cmos as rtc0
[    2.241353] rtc_cmos rtc_cmos: alarms up to one day, 114 bytes nvram
[    2.245405] i2c /dev entries driver
[    2.248023] pcie_mp2_amd: AMD(R) PCI-E MP2 Communication Driver Version: 1.0
[    2.250996] device-mapper: uevent: version 1.0.3
[    2.253536] device-mapper: ioctl: 4.37.0-ioctl (2017-09-20) initialised: dm-devel@redhat.com
[    2.258332] ledtrig-cpu: registered to indicate activity on CPUs
[    2.261901] NET: Registered protocol family 10
[    2.270995] Segment Routing with IPv6
[    2.273780] NET: Registered protocol family 17
[    2.275119] Key type dns_resolver registered
[    2.276366] RAS: Correctable Errors collector initialized.
[    2.277913] sched_clock: Marking stable (2276290568, 0)->(5942701495, -3666410927)
[    2.287449] registered taskstats version 1
[    2.288651] Loading compiled-in X.509 certificates
[    2.291864] Loaded X.509 cert 'Build time autogenerated kernel key: 7211859d1298c08a101905a3cb814e8c7b4bf4a4'
[    2.332421] zswap: loaded using pool lzo/zbud
[    2.349400] Key type big_key registered
[    2.350585] Key type trusted registered
[    2.401548] Key type encrypted registered
[    2.428518] AppArmor: AppArmor sha1 policy hashing enabled
[    2.503713] ima: No TPM chip found, activating TPM-bypass! (rc=-19)
[    2.548579] ima: Allocated hash algorithm: sha1
[    2.580313] evm: HMAC attrs: 0x1
[    2.589453]   Magic number: 3:95:123
[    2.590475] acpi LNXSYBUS:01: hash matches
[    2.591656] rtc_cmos rtc_cmos: setting system clock to 2019-05-13 10:07:23 UTC (1557742043)
[    2.594287] BIOS EDD facility v0.16 2004-Jun-25, 0 devices found
[    2.693515] EDD information not available.
[    2.748220] tsc: Refined TSC clocksource calibration: 2495.919 MHz
[    2.748225] clocksource: tsc: mask: 0xffffffffffffffff max_cycles: 0x23fa2ab31e2, max_idle_ns: 440795267178 ns
[    2.890934] Freeing unused kernel memory: 2408K
[    2.921027] Write protecting the kernel read-only data: 20480k
[    3.047576] Freeing unused kernel memory: 2008K
[    3.125859] Freeing unused kernel memory: 1892K
[    3.143741] x86/mm: Checked W+X mappings: passed, no W+X pages found.
[    3.204392] x86/mm: Checking user space page tables
[    3.209233] x86/mm: Checked W+X mappings: passed, no W+X pages found.
Loading, please wait...
starting version 237
[    3.266257] e1000: Intel(R) PRO/1000 Network Driver - version 7.3.21-k8-NAPI
[    3.267961] e1000: Copyright (c) 1999-2006 Intel Corporation.
[    3.272694] Fusion MPT base driver 3.04.20
[    3.273691] Copyright (c) 1999-2008 LSI Corporation
[    3.286906] Fusion MPT SPI Host driver 3.04.20
[    3.289968] AVX2 version of gcm_enc/dec engaged.
[    3.291341] AES CTR mode by8 optimization enabled
[    3.317558] vboxvideo: loading out-of-tree module taints kernel.
[    3.320360] vboxvideo: module verification failed: signature and/or required key missing - tainting kernel
[    3.488241] input: ImExPS/2 Generic Explorer Mouse as /devices/platform/i8042/serio1/input/input4
[    3.723665] e1000 0000:00:03.0 eth0: (PCI:33MHz:32-bit) 02:5c:19:d6:ac:b9
[    3.731453] e1000 0000:00:03.0 eth0: Intel(R) PRO/1000 Network Connection
[    4.203593] e1000 0000:00:08.0 eth1: (PCI:33MHz:32-bit) 08:00:27:df:aa:fe
[    4.211474] e1000 0000:00:08.0 eth1: Intel(R) PRO/1000 Network Connection
[    4.256386] e1000 0000:00:08.0 enp0s8: renamed from eth1
[    4.261507] mptbase: ioc0: Initiating bringup
[    4.272707] e1000 0000:00:03.0 enp0s3: renamed from eth0
[    4.361137] ioc0: LSI53C1030 A0: Capabilities={Initiator}
[    4.644669] scsi host2: ioc0: LSI53C1030 A0, FwRev=00000000h, Ports=1, MaxQ=256, IRQ=20
[    4.812945] scsi 2:0:0:0: Direct-Access     VBOX     HARDDISK         1.0  PQ: 0 ANSI: 5
[    4.841165] [drm] VRAM 01000000
[    4.845499] [TTM] Zone  kernel: Available graphics memory: 504464 kiB
[    4.887484] [TTM] Initializing pool allocator
[    4.949789] [TTM] Initializing DMA pool allocator
[    5.009071] fbcon: vboxdrmfb (fb0) is primary device
[    5.010394] Console: switching to colour frame buffer device 100x37
[    5.123854] vboxvideo 0000:00:02.0: fb0: vboxdrmfb frame buffer device
[    5.216429] scsi target2:0:0: Beginning Domain Validation
[    5.244095] [drm] Initialized vboxvideo 1.0.0 20130823 for 0000:00:02.0 on minor 0
[    5.244518] scsi target2:0:0: Domain Validation skipping write tests
[    5.244519] scsi target2:0:0: Ending Domain Validation
[    5.244577] scsi target2:0:0: asynchronous
[    5.245044] scsi 2:0:1:0: Direct-Access     VBOX     HARDDISK         1.0  PQ: 0 ANSI: 5
[    5.520155] scsi target2:0:1: Beginning Domain Validation
[    5.525921] random: fast init done
[    5.528327] scsi target2:0:1: Domain Validation skipping write tests
[    5.663147] scsi target2:0:1: Ending Domain Validation
[    5.725505] scsi target2:0:1: asynchronous
[    6.151481] random: systemd-udevd: uninitialized urandom read (16 bytes read)
[    6.153127] random: systemd-udevd: uninitialized urandom read (16 bytes read)
[    6.153346] sd 2:0:0:0: Attached scsi generic sg0 type 0
[    6.153508] sd 2:0:1:0: Attached scsi generic sg1 type 0
[    6.157582] random: systemd-udevd: uninitialized urandom read (16 bytes read)
[    6.163794] sd 2:0:0:0: [sda] 20971520 512-byte logical blocks: (10.7 GB/10.0 GiB)
[    6.169745] sd 2:0:1:0: [sdb] 20480 512-byte logical blocks: (10.5 MB/10.0 MiB)
[    6.176928] sd 2:0:0:0: [sda] Write Protect is off
[    6.177032] sd 2:0:0:0: [sda] Incomplete mode parameter data
[    6.177033] sd 2:0:0:0: [sda] Assuming drive cache: write through
[    6.191228] sd 2:0:1:0: [sdb] Write Protect is off
[    6.245210] sd 2:0:1:0: [sdb] Incomplete mode parameter data
[    6.246596] sd 2:0:1:0: [sdb] Assuming drive cache: write through
[    6.250197]  sda: sda1
[    6.282102] sd 2:0:0:0: [sda] Attached SCSI disk
[    6.302312] sd 2:0:1:0: [sdb] Attached SCSI disk
Begin: Loading essential drivers ... [    6.456485] raid6: sse2x1   gen() 13381 MB/s
[    6.504499] raid6: sse2x1   xor()  9732 MB/s
[    6.568611] raid6: sse2x2   gen() 18159 MB/s
[    6.636131] raid6: sse2x2   xor()  7116 MB/s
[    6.684050] raid6: sse2x4   gen() 11599 MB/s
[    6.772790] raid6: sse2x4   xor() 12447 MB/s
[    6.832075] raid6: avx2x1   gen() 26649 MB/s
[    6.897645] raid6: avx2x1   xor() 20882 MB/s
[    6.993541] raid6: avx2x2   gen() 33849 MB/s
[    7.068065] raid6: avx2x2   xor() 19678 MB/s
[    7.132125] raid6: avx2x4   gen() 37741 MB/s
[    7.233248] raid6: avx2x4   xor() 22781 MB/s
[    7.248636] raid6: using algorithm avx2x4 gen() 37741 MB/s
[    7.300362] raid6: .... xor() 22781 MB/s, rmw enabled
[    7.301820] raid6: using avx2x2 recovery algorithm
[    7.323681] xor: automatically using best checksumming function   avx       
[    7.364509] async_tx: api initialized (async)
done.
Begin: Running /scripts/init-premount ... done.[    7.429264] Btrfs loaded, crc32c=crc32c-intel

Begin: Mounting root file system ... Begin: Running /scripts/local-top ... done.
Begin: Running /scripts/local-premount ... Scanning for Btrfs filesystems
done.
Warning: fsck no[    7.521766] EXT4-fs (sda1): mounted filesystem with ordered data mode. Opts: (null)
t present, so skipping root file system
done.
Begin: Running /scripts/local-bottom ... done.
Begin: Running /scripts/init-bottom ... done.
[    7.762736] ip_tables: (C) 2000-2006 Netfilter Core Team
[    7.775333] systemd[1]: systemd 237 running in system mode. (+PAM +AUDIT +SELINUX +IMA +APPARMOR +SMACK +SYSVINIT +UTMP +LIBCRYPTSETUP +GCRYPT +GNUTLS +ACL +XZ +LZ4 +SECCOMP +BLKID +ELFUTILS +KMOD -IDN2 +IDN -PCRE2 default-hierarchy=hybrid)
[    7.796028] systemd[1]: Detected virtualization oracle.
[    7.799612] systemd[1]: Detected architecture x86-64.

Welcome to [1mUbuntu 18.04.2 LTS[0m!

[    7.809112] systemd[1]: Set hostname to <ubuntu-bionic>.
[    8.073923] systemd[1]: Reached target Swap.
[[0;32m  OK  [0m] Reached target Swap.
[    8.076607] systemd[1]: Set up automount Arbitrary Executable File Formats File System Automount Point.
[[0;32m  OK  [0m] Set up automount Arbitrary Executab…rmats File System Automount Point.
[    8.081062] systemd[1]: Reached target User and Group Name Lookups.
[[0;32m  OK  [0m] Reached target User and Group Name Lookups.
[    8.121201] systemd[1]: Created slice User and Session Slice.
[[0;32m  OK  [0m] Created slice User and Session Slice.
[    8.257025] systemd[1]: Created slice System Slice.
[[0;32m  OK  [0m] Created slice System Slice.
[    8.361173] systemd[1]: Listening on Device-mapper event daemon FIFOs.
[[0;32m  OK  [0m] Listening on Device-mapper event daemon FIFOs.
[[0;32m  OK  [0m] Listening on Journal Socket.
         Mounting Kernel Debug File System...
         Mounting Huge Pages File System...
         Mounting POSIX Message Queue File System...
[[0;32m  OK  [0m] Listening on Journal Audit Socket.
[[0;32m  OK  [0m] Listening on LVM2 metadata daemon socket.
         Starting Monitoring of LVM2 mirrors…ng dmeventd or progress polling...
[[0;32m  OK  [0m] Reached target Slices.
         Starting Set the console keyboard layout...
[[0;32m  OK  [0m] Listening on Syslog Socket.
[[0;32m  OK  [0m] Listening on udev Kernel Socket.
[[0;32m  OK  [0m] Created slice system-serial\x2dgetty.slice.
[[0;32m  OK  [0m] Listening on udev Control Socket.
[[0;32m  OK  [0m] Listening on Journal Socket (/dev/log).
         Starting Journal Service...
         Starting Remount Root and Kernel File Systems...
         Starting Load Kernel Modules...
         Starting udev Coldplug all Devices...
[[0;32m  OK  [0m] Listening on /dev/initctl Compatibility Named Pipe.
[[0;32m  OK  [0m] Listening on Network Service Netlink Socket.
[[0;32m  OK  [0m] Listening on LVM2 poll daemon socket.
[[0;32m  OK  [0m] Started Forward Password Requests to Wall Directory Watch.
         Starting Create [    8.876608] EXT4-fs (sda1): re-mounted. Opts: (null)
list of required st…ce nodes for the current kernel...
[    8.894139] Loading iSCSI transport class v2.0-870.
[[0;32m  OK  [0[    8.901458] iscsi: registered transport (tcp)
m] Reached target System Time Synchronized.
         Starting Uncomplicated firewall...
[[0;32m  OK  [0m] Started Journal Service.
[[0;32m  OK  [0m] Mounted Kernel Debug File System.
[[0;32m  OK  [0m] Mounted Huge Pages File System.
[[0;32m  OK  [0m] Mounted POSIX Message Queue File System.
[[0;32m  OK  [0[    8.927711] iscsi: registered transport (iser)
m] Started Remount Root and Kernel File Systems.
[[0;32m  OK  [0m] Started Load Kernel Modules.
[[0;32m  OK  [0m] Started Create list of required sta…vice nodes for the current kernel.
[[0;32m  OK  [0m] Started Uncomplicated firewall.
[[0;32m  OK  [0m] Started LVM2 metadata daemon.
         Starting Create Static Device Nodes in /dev...
         Starting Apply Kernel Variables...
         Mounting FUSE Control File System...
         Mounting Kernel Configuration File System...
         Starting Load/Save Random Seed...
         Starting Flush Journal to Persistent Storage...
[[0;32m  OK  [0m] Started Monitoring of LVM2 mirrors,…sing dmeventd or progress polling.
[[0;32m  OK  [0m] Started Set the console keyboard layout.
[[0;32m  OK  [0m] Started udev Coldplug all Devices.
[[0;32m  OK  [0m] Started Create Static Device Nodes in /dev.
[[0;32m  OK  [0m] Started Apply Kernel Variables.
[[0;32m  OK  [0m] Mounted FUSE Control File System.
[[0;32m  OK  [0m] Mounted Kernel Configuration File System.
[[0;32m  OK  [0m] Started Load/Save Random Seed.
         Starting udev Kernel Device Manager...
[[0;32m  OK  [0m] Reached target Local File Systems (Pre).
[[0;32m  OK  [0m] Reached target Local File Systems.
         Starting Tell Plymouth To Write Out Runtime Data...
         Starting ebtables ruleset management...
         Starting AppArmor initialization...
         Starting Set console font and keymap...
[[0;32m  OK  [0m] Started udev Kernel Device Manager.
[[0;32m  OK  [0m] Started Dispatch Password Requests to Console Directory Watch.
[[0;32m  OK  [0m] Reached target Local Encrypted Volumes.
[[0;32m  OK  [0m] Started Tell Plymouth To Write Out Runtime Data.
[[0;32m  OK  [0m] Started Set console font and keymap.
[[0;32m  OK  [0m] Found device /dev/ttyS0.
[[0;32m  OK  [0m] Started ebtables ruleset management.
[[0;32m  OK  [0m] Started Flush Journal to Persistent Storage.
[[0;32m  OK  [0m] Listening on Load/Save RF Kill Switch Status /dev/rfkill Watch.
         Starting Create Volatile Files and Directories...
[[0;32m  OK  [0m] Started Create Volatile Files and Directories.
         Starting Update UTMP about System Boot/Shutdown...
[[0;32m  OK  [0m] Started Update UTMP about System Boot/Shutdown.
[[0;32m  OK  [0m] Started AppArmor initialization.
         Starting Initial cloud-init job (pre-networking)...
[   11.003090] cloud-init[575]: Cloud-init v. 18.5-45-g3554ffe8-0ubuntu1~18.04.1 running 'init-local' at Mon, 13 May 2019 10:07:31 +0000. Up 10.81 seconds.
[[0;32m  OK  [0m] Started Initial cloud-init job (pre-networking).
[[0;32m  OK  [0m] Reached target Network (Pre).
         Starting Network Service...
[[0;32m  OK  [0m] Started Network Service.
         Starting Network Name Resolution...
         Starting Wait for Network to be Configured...
[[0;32m  OK  [0m] Started Network Name Resolution.
[[0;32m  OK  [0m] Reached target Network.
[[0;32m  OK  [0m] Reached target Host and Network Name Lookups.
[[0;32m  OK  [0m] Started Wait for Network to be Configured.
         Starting Initial cloud-init job (metadata service crawler)...
[   13.347419] cloud-init[697]: Cloud-init v. 18.5-45-g3554ffe8-0ubuntu1~18.04.1 running 'init' at Mon, 13 May 2019 10:07:34 +0000. Up 13.19 seconds.
[   13.350434] cloud-init[697]: ci-info: ++++++++++++++++++++++++++++++++++++++Net device info+++++++++++++++++++++++++++++++++++++++
[   13.384430] cloud-init[697]: ci-info: +--------+------+-----------------------------+---------------+--------+-------------------+
[   13.386857] cloud-init[697]: ci-info: | Device |  Up  |           Address           |      Mask     | Scope  |     Hw-Address    |
[   13.389212] cloud-init[697]: ci-info: +--------+------+-----------------------------+---------------+--------+-------------------+
[   13.425552] cloud-init[697]: ci-info: | enp0s3 | True |          10.0.2.15          | 255.255.255.0 | global | 02:5c:19:d6:ac:b9 |
[   13.443179] cloud-init[697]: ci-info: | enp0s3 | True |  fe80::5c:19ff:fed6:acb9/64 |       .       |  link  | 02:5c:19:d6:ac:b9 |
[   13.481208] cloud-init[697]: ci-info: | enp0s8 | True |        192.168.33.10        | 255.255.255.0 | global | 08:00:27:df:aa:fe |
[   13.487420] cloud-init[697]: ci-info: | enp0s8 | True | fe80::a00:27ff:fedf:aafe/64 |       .       |  link  | 08:00:27:df:aa:fe |
[   13.495566] cloud-init[697]: ci-info: |   lo   | True |          127.0.0.1          |   255.0.0.0   |  host  |         .         |
[   13.499477] cloud-init[697]: ci-info: |   lo   | True |           ::1/128           |       .       |  host  |         .         |
[   13.501909] cloud-init[697]: ci-info: +--------+------+-----------------------------+---------------+--------+-------------------+
[   13.504479] cloud-init[697]: ci-info: +++++++++++++++++++++++++++++Route IPv4 info+++++++++++++++++++++++++++++
[   13.506564] cloud-init[697]: ci-info: +-------+--------------+----------+-----------------+-----------+-------+
[   13.508700] cloud-init[697]: ci-info: | Route | Destination  | Gateway  |     Genmask     | Interface | Flags |
[   13.510811] cloud-init[697]: ci-info: +-------+--------------+----------+-----------------+-----------+-------+
[   13.513051] cloud-init[697]: ci-info: |   0   |   0.0.0.0    | 10.0.2.2 |     0.0.0.0     |   enp0s3  |   UG  |
[   13.515189] cloud-init[697]: ci-info: |   1   |   10.0.2.0   | 0.0.0.0  |  255.255.255.0  |   enp0s3  |   U   |
[   13.517230] cloud-init[697]: ci-info: |   2   |   10.0.2.2   | 0.0.0.0  | 255.255.255.255 |   enp0s3  |   UH  |
[   13.519308] cloud-init[697]: ci-info: |   3   | 192.168.33.0 | 0.0.0.0  |  255.255.255.0  |   enp0s8  |   U   |
[   13.521403] cloud-init[697]: ci-info: +-------+--------------+----------+-----------------+-----------+-------+
[   13.523588] cloud-init[697]: ci-info: +++++++++++++++++++Route IPv6 info+++++++++++++++++++
[   13.525368] cloud-init[697]: ci-info: +-------+-------------+---------+-----------+-------+
[   13.527124] cloud-init[697]: ci-info: | Route | Destination | Gateway | Interface | Flags |
[   13.528902] cloud-init[697]: ci-info: +-------+-------------+---------+-----------+-------+
[   13.530648] cloud-init[697]: ci-info: |   1   |  fe80::/64  |    ::   |   enp0s3  |   U   |
[   13.532406] cloud-init[697]: ci-info: |   2   |  fe80::/64  |    ::   |   enp0s8  |   U   |
[   13.534190] cloud-init[697]: ci-info: |   4   |    local    |    ::   |   enp0s3  |   U   |
[   13.535925] cloud-init[697]: ci-info: |   5   |    local    |    ::   |   enp0s8  |   U   |
[   13.537647] cloud-init[697]: ci-info: |   6   |   ff00::/8  |    ::   |   enp0s3  |   U   |
[   13.539362] cloud-init[697]: ci-info: |   7   |   ff00::/8  |    ::   |   enp0s8  |   U   |
[   13.541119] cloud-init[697]: ci-info: +-------+-------------+---------+-----------+-------+
[[0;32m  OK  [0m] Started Initial cloud-init job (metadata service crawler).
[[0;32m  OK  [0m] Reached target Cloud-config availability.
[[0;32m  OK  [0m] Reached target Network is Online.
         Starting Availability of block devices...
[[0;32m  OK  [0m] Reached target Remote File Systems (Pre).
[[0;32m  OK  [0m] Reached target Remote File Systems.
[[0;32m  OK  [0m] Reached target System Initialization.
[[0;32m  OK  [0m] Listening on UUID daemon activation socket.
[[0;32m  OK  [0m] Listening on Open-iSCSI iscsid Socket.
[[0;32m  OK  [0m] Started Discard unused blocks once a week.
[[0;32m  OK  [0m] Started Daily apt download activities.
[[0;32m  OK  [0m] Started Daily apt upgrade and clean activities.
[[0;32m  OK  [0m] Listening on D-Bus System Message Bus Socket.
[[0;32m  OK  [0m] Started Daily Cleanup of Temporary Directories.
         Starting Socket activation for snappy daemon.
[[0;32m  OK  [0m] Started Message of the Day.
[[0;32m  OK  [0m] Reached target Timers.
[[0;32m  OK  [0m] Started ACPI Events Check.
[[0;32m  OK  [0m] Listening on ACPID Listen Socket.
[[0;32m  OK  [0m] Reached target Paths.
         Starting LXD - unix socket.
[[0;32m  OK  [0m] Started Availability of block devices.
[[0;32m  OK  [0m] Listening on Socket activation for snappy daemon.
[[0;32m  OK  [0m] Listening on LXD - unix socket.
[[0;32m  OK  [0m] Reached target Sockets.
[[0;32m  OK  [0m] Reached target Basic System.
[[0;32m  OK  [0m] Started D-Bus System Message Bus.
         Starting LSB: Record successful boot for GRUB...
         Starting Accounts Service...
         Starting LSB: automatic crash report generation...
         Starting LXD - container startup/shutdown...
         Starting System Logging Service...
         Starting Permit User Sessions...
         Starting Discard unused blocks...
[[0;32m  OK  [0m] Started Deferred execution scheduler.
         Starting Dispatcher daemon for systemd-networkd...
         Starting Login Service...
[[0;32m  OK  [0m] Started FUSE filesystem for LXC.
[[0;32m  OK  [0m] Started irqbalance daemon.
[[0;32m  OK  [0m] Started Regular background program processing daemon.
         Starting vboxadd.service...
         Starting OpenBSD Secure Shell server...
         Starting Snappy daemon...
[[0;32m  OK  [0m] Started System Logging Service.
[[0;32m  OK  [0m] Started LXD - container startup/shutdown.
[[0;32m  OK  [0m] Started Permit User Sessions.
[[0;32m  OK  [0m] Started Discard unused blocks.
[[0;32m  OK  [0m] Started Login Service.
[[0;32m  OK  [0m] Started Unattended Upgrades Shutdown.
         Starting Authorization Manager...
         Starting Terminate Plymouth Boot Screen...
         Starting Hold until boot process finishes up...
[[0;32m  OK  [0m] Started Terminate Plymouth Boot Screen.
[[0;32m  OK  [0m] Started Hold until boot process finishes up.
         Starting Set console scheme...
[[0;32m  OK  [0m] Started Serial Getty on ttyS0.
[[0;32m  OK  [0m] Started OpenBSD Secure Shell server.
[[0;32m  OK  [0m] Started Set console scheme.
[[0;32m  OK  [0m] Started Dispatcher daemon for systemd-networkd.
[[0;32m  OK  [0m] Created slice system-getty.slice.
[[0;32m  OK  [0m] Started Getty on tty1.
[[0;32m  OK  [0m] Reached target Login Prompts.
[[0;32m  OK  [0m] Started Authorization Manager.
[[0;32m  OK  [0m] Started Accounts Service.
[[0;32m  OK  [0m] Started LSB: Record successful boot for GRUB.
[[0;32m  OK  [0m] Started LSB: automatic crash report generation.
[[0;32m  OK  [0m] Started Snappy daemon.
         Starting Wait until snapd is fully seeded...
[[0;32m  OK  [0m] Created slice User Slice of vagrant.
         Starting User Manager for UID 1000...
[[0;32m  OK  [0m] Started Wait until snapd is fully seeded.
[[0;32m  OK  [0m] Started Session 1 of user vagrant.
         Starting Apply the settings specified in cloud-config...
[[0;32m  OK  [0m] Started vboxadd.service.
         Starting vboxadd-service.service...
[[0;32m  OK  [0m] Started User Manager for UID 1000.
[[0;32m  OK  [0m] Started vboxadd-service.service.
[[0;32m  OK  [0m] Reached target Multi-User System.
[[0;32m  OK  [0m] Reached target Graphical Interface.
         Starting Update UTMP about System Runlevel Changes...
[[0;32m  OK  [0m] Started Update UTMP about System Runlevel Changes.
[   15.702170] cloud-init[1114]: Cloud-init v. 18.5-45-g3554ffe8-0ubuntu1~18.04.1 running 'modules:config' at Mon, 13 May 2019 10:07:36 +0000. Up 15.61 seconds.
[[0;32m  OK  [0m] Started Apply the settings specified in cloud-config.
         Starting Execute cloud user/final scripts...
[   16.295174] cloud-init[1224]: Cloud-init v. 18.5-45-g3554ffe8-0ubuntu1~18.04.1 running 'modules:final' at Mon, 13 May 2019 10:07:37 +0000. Up 16.11 seconds.
[   16.333936] cloud-init[1224]: Cloud-init v. 18.5-45-g3554ffe8-0ubuntu1~18.04.1 finished at Mon, 13 May 2019 10:07:37 +0000. Datasource DataSourceNoCloud [seed=/dev/sdb][dsmode=net].  Up 16.28 seconds
[[0;32m  OK  [0m] Started Execute cloud user/final scripts.
[[0;32m  OK  [0m] Reached target Cloud-init target.

Ubuntu 18.04.2 LTS ubuntu-bionic ttyS0

ubuntu-bionic login:          Stopping User Manager for UID 1000...
[[0;32m  OK  [0m] Stopped target Host and Network Name Lookups.
[[0;32m  OK  [0m] Stopped target Cloud-init target.
[[0;32m  OK  [0m] Closed Load/Save RF Kill Switch Status /dev/rfkill Watch.
[[0;32m  OK  [0m] Stopped target Graphical Interface.
         Stopping Session 7 of user vagrant.
         Stopping Accounts Service...
         Stopping Availability of block devices...
[[0;32m  OK  [0m] Stopped target Timers.
[[0;32m  OK  [0m] Stopped Daily Cleanup of Temporary Directories.
[[0;32m  OK  [0m] Stopped Message of the Day.
[[0;32m  OK  [0m] Stopped Discard unused blocks once a week.
[[0;32m  OK  [0m] Stopped Execute cloud user/final scripts.
[[0;32m  OK  [0m] Stopped target Multi-User System.
[[0;32m  OK  [0m] Stopped target Login Prompts.
         Stopping Getty on tty1...
         Stopping System Logging Service...
         Stopping D-Bus System Message Bus...
         Stopping LSB: automatic crash report generation...
         Stopping LXD - container startup/shutdown...
         Stopping vboxadd-service.service...
                 Stopping Authorization Manager...
[[0;32m  OK  [0m] Stopped Daily apt upgrade and clean activities.
[[0;32m  OK  [0m] Stopped Daily apt download activities.
[[0;32m  OK  [0m] Stopped target System Time Synchronized.
[[0;32m  OK  [0m] Unmounted /var/lib/lxcfs.
[[0;32m  OK  [0m] Stopped Accounts Service.
[[0;32m  OK  [0m] Stopped System Logging Service.
[[0;32m  OK  [0m] Stopped Deferred execution scheduler.
[[0;32m  OK  [0m] Stopped Dispatcher daemon for systemd-networkd.
[[0;32m  OK  [0m] Stopped irqbalance daemon.
[[0;32m  OK  [0m] Stopped Regular background program processing daemon.
[[0;32m  OK  [0m] Stopped Authorization Manager.
[[0;32m  OK  [0m] Stopped Serial Getty on ttyS0.
[[0;32m  OK  [0m] Stopped Getty on tty1.
[[0;32m  OK  [0m] Stopped D-Bus System Message Bus.
[[0;32m  OK  [0m] Stopped User Manager for UID 1000.
[[0;32m  OK  [0m] Stopped FUSE filesystem for LXC.
[[0;32m  OK  [0m] Stopped OpenBSD Secure Shell server.
[[0;32m  OK  [0m] Removed slice system-getty.slice.
[[0;32m  OK  [0m] Removed slice system-serial\x2dgetty.slice.
[[0;32m  OK  [0m] Stopped Unattended Upgrades Shutdown.
[[0;32m  OK  [0m] Stopped LXD - container startup/shutdown.
[[0;32m  OK  [0m] Stopped LSB: Record successful boot for GRUB.
[[0;32m  OK  [0m] Stopped Session 7 of user vagrant.
[[0;32m  OK  [0m] Stopped Availability of block devices.
[[0;32m  OK  [0m] Stopped LSB: automatic crash report generation.
[[0;32m  OK  [0m] Removed slice User Slice of vagrant.
         Stopping Login Service...
         Stopping Permit User Sessions...
[[0;32m  OK  [0m] Stopped Permit User Sessions.
[[0;32m  OK  [0m] Stopped target Network.
         Stopping Network Name Resolution...
[[0;32m  OK  [0m] Stopped target Remote File Systems.
[[0;32m  OK  [0m] Stopped target Remote File Systems (Pre).
[[0;32m  OK  [0m] Stopped Login Service.
[[0;32m  OK  [0m] Stopped target User and Group Name Lookups.
[[0;32m  OK  [0m] Stopped Network Name Resolution.
         Stopping Network Service...
[[0;32m  OK  [0m] Stopped Network Service.
[[0;32m  OK  [0m] Stopped target Network (Pre).
[[0;32m  OK  [0m] Stopped vboxadd-service.service.
         Stopping vboxadd.service...
[[0;32m  OK  [0m] Unmounted /vagrant.
[[0;32m  OK  [0m] Stopped vboxadd.service.
[[0;32m  OK  [0m] Stopped target Basic System.
[[0;32m  OK  [0m] Stopped target Sockets.
[[0;32m  OK  [0m] Closed Socket activation for snappy daemon.
[[0;32m  OK  [0m] Closed ACPID Listen Socket.
[[0;32m  OK  [0m] Closed D-Bus System Message Bus Socket.
[[0;32m  OK  [0m] Closed LXD - unix socket.
[[0;32m  OK  [0m] Closed UUID daemon activation socket.
[[0;32m  OK  [0m] Closed Syslog Socket.
[[0;32m  OK  [0m] Closed Open-iSCSI iscsid Socket.
[[0;32m  OK  [0m] Stopped target Paths.
[[0;32m  OK  [0m] Stopped ACPI Events Check.
[[0;32m  OK  [0m] Stopped target Slices.
[[0;32m  OK  [0m] Removed slice User and Session Slice.
[[0;32m  OK  [0m] Stopped target System Initialization.
         Stopping Update UTMP about System Boot/Shutdown...
[[0;32m  OK  [0m] Stopped Initial cloud-init job (metadata service crawler).
[[0;32m  OK  [0m] Stopped Initial cloud-init job (pre-networking).
[[0;32m  OK  [0m] Stopped target Local Encrypted Volumes.
[[0;32m  OK  [0m] Stopped Dispatch Password Requests to Console Directory Watch.
[[0;32m  OK  [0m] Stopped Forward Password Requests to Wall Directory Watch.
[[0;32m  OK  [0m] Stopped Apply Kernel Variables.
[[0;32m  OK  [0m] Stopped Load Kernel Modules.
         Stopping Load/Save Random Seed...
[[0;32m  OK  [0m] Stopped Load/Save Random Seed.
[[0;32m  OK  [0m] Stopped Update UTMP about System Boot/Shutdown.
[[0;32m  OK  [0m] Stopped Create Volatile Files and Directories.
[[0;32m  OK  [0m] Stopped target Local File Systems.
         Unmounting /run/user/1000...
[[0;32m  OK  [0m] Unmounted /run/user/1000.
[[0;32m  OK  [0m] Reached target Unmount All Filesystems.
[[0;32m  OK  [0m] Stopped target Local File Systems (Pre).
[[0;32m  OK  [0m] Stopped Remount Root and Kernel File Systems.
         Stopping Monitoring of LVM2 mirrors…ng dmeventd or progress polling...
[[0;32m  OK  [0m] Stopped Create Static Device Nodes in /dev.
[[0;32m  OK  [0m] Stopped target Swap.
[[0;32m  OK  [0m] Reached target Shutdown.
[[0;32m  OK  [0m] Reached target Final Step.
         Starting Power-Off...
[ 6018.487682] reboot: Power down
